Log created: 2026-06-15T17:32:39.498569000Z
Process ID:  49202 (0xc032)
Parent PID:  49179 (0xc01b)
Executable:  /usr/lib/virtualbox/VirtualBoxVM
Arg[0]: /usr/lib/virtualbox/VirtualBoxVM
Arg[1]: --comment
Arg[2]: destiny2-testbed
Arg[3]: --startvm
Arg[4]: 9af7df04-65f2-4ee1-bee1-fbbe49163157
Arg[5]: --no-startvm-errormsgbox
E1000 #0: port=d010 mmio=00000000f0000000 mac-cfg=08:00:27:dc:1c:26 82540EM R0
General registers ------------------------------------------------------------------
   CTRL=40000249  STATUS=00000083    EECD=00000140    EERD=00000000  LEDCTL=07068302
    FLA=00000000    MDIC=18350000                                  CTRL_EXT=00000000
   FCAL=00000000    FCAH=00000000     FCT=00000000     VET=00008100   FCTTV=00000000
    PBA=00000000    TXCW=00000000    RXCW=00000000              EXTCNF_CTRL=00000000
Interrupt registers ----------------------------------------------------------------
    ICR=00000000     ITR=000003b6     ICS=00000000     IMS=0000009d     IMC=00000000
Receive registers ------------------------------------------------------------------
   RCTL=00048002  PSRCTL=00040402   FCRTL=00000000   FCRTH=00000000  RXDCTL=00000000
  RDBAL=093b3000   RDBAH=00000001   RDLEN=00001000     RDH=00000075     RDT=00000069
   RDTR=00000000    RADV=00000000   RSRPD=00000000  RXCSUM=00000300   RFCTL=00000000
Transmit registers -----------------------------------------------------------------
   TCTL=0004010a    TIPG=00602008    AIFS=00000000
  TDBAL=016e3000   TDBAH=00000001   TDLEN=00002000     TDH=0000013e     TDT=0000013e
   TIDV=0000001c  TXDMAC=00000000  TXDCTL=01010000    TADV=00000000   TSPMT=01000400
Management registers ---------------------------------------------------------------
    WUC=00000000    WUFC=00000000     WUS=00000000
   IPAV=00000000    MANC=00000000    WUPL=00000000
Statistics registers ---------------------------------------------------------------
CRCERRS=00000000                 ALGNERRC=00000000 SYMERRS=00000000  RXERRC=00000000 
    MPC=00000000     SCC=00000000    ECOL=00000000
    MCC=00000000 LATECOL=00000000    COLC=00000000
     DC=00000000   TNCRS=00000000     SEC=00000000 CEXTERR=00000000    RLEC=00000000
 XONRXC=00000000  XONTXC=00000000 XOFFRXC=00000000 XOFFTXC=00000000   FCRUC=00000000
  PRC64=0000036a  PRC127=00000527  PRC255=0000016b
 PRC511=00000254 PRC1023=000001f7 PRC1522=000e302e
   GPRC=00019413    BPRC=00000000    MPRC=00000000    GPTC=00007df1
  GORCL=0959cdaf   GORCH=00000000   GOTCL=001d420c   GOTCH=00000000    RNBC=00000000
    RUC=00000000     RFC=00000000     ROC=00000000     RJC=00000000
 MGTPRC=00000000  MGTPDC=00000000  MGTPTC=00000000     TPR=00001d45     TPT=0000076d
   TORL=00acf713    TORH=00000000    TOTL=0001985a    TOTH=00000000
  PTC64=00000000  PTC127=0004a2c1  PTC255=000005cb
 PTC511=0000008d PTC1023=0000004f PTC1522=00000098
   MPTC=00000000    BPTC=00000000   TSCTC=00000071  TSCTFC=00000000
Diagnostic registers ---------------------------------------------------------------
   RDFH=00000000    RDFT=00000000   RDFHS=00000000   RDFTS=00000000   RDFPC=00000000
   TDFH=00000000    TDFT=00000000   TDFHS=00000000   TDFTS=00000000   TDFPC=00000000

RA00: DST 08:00:27:dc:1c:26
RA01: DST 33:33:00:00:00:01
RA02: DST 01:00:5e:00:00:01
RA03: DST 33:33:00:01:00:03
RA04: DST 33:33:ff:2a:4f:1e
RA05: DST 33:33:ff:23:d2:a0
RA06: DST 33:33:ff:c0:1d:c2
RA07: DST 01:00:5e:7f:ff:fa
RA08: DST 33:33:00:00:00:fb
RA09: DST 01:00:5e:00:00:fb
RA10: DST 01:00:5e:00:00:fc

PHY registers ----------------------------------------------------------------------
    PCTRL=1340  PSTATUS=796d      PID=0141     EPID=0c24      ANA=0de1      LPA=01e0
      ANE=0000      NPT=2001      LPN=0000     GCON=1e00  GSTATUS=0000 EPSTATUS=3000
    PSCON=0868   PSSTAT=bc08    PINTE=0000    PINTS=0000  EPSCON1=0d60     PREC=0000
  EPSCON2=000c    R30PS=0000    R30AW=0000

PHY MDIO: state=MDIO_IDLE acc=0 cnt=0 addr=0

