Log created: 2026-06-15T12:41:14.066611000Z
Process ID:  1668041 (0x1973c9)
Parent PID:  1660289 (0x195581)
Executable:  /usr/lib/virtualbox/VBoxHeadless
Arg[0]: /usr/lib/virtualbox/VBoxHeadless
Arg[1]: --comment
Arg[2]: destiny2-testbed
Arg[3]: --startvm
Arg[4]: 0379fce2-6457-4ad5-976e-da2d4af15c1d
Arg[5]: --vrde
Arg[6]: config
E1000 #0: port=c190 mmio=00000000e8600000 mac-cfg=08:00:27:ea:bf:bf 82540EM R0
General registers ------------------------------------------------------------------
   CTRL=40000249  STATUS=00000083    EECD=00000140    EERD=00000000  LEDCTL=07068302
    FLA=00000000    MDIC=18350000                                  CTRL_EXT=00000000
   FCAL=00000000    FCAH=00000000     FCT=00000000     VET=00008100   FCTTV=00000000
    PBA=00000000    TXCW=00000000    RXCW=00000000              EXTCNF_CTRL=00000000
Interrupt registers ----------------------------------------------------------------
    ICR=00000000     ITR=00000000     ICS=00000000     IMS=0000009d     IMC=00000000
Receive registers ------------------------------------------------------------------
   RCTL=00048002  PSRCTL=00040402   FCRTL=00000000   FCRTH=00000000  RXDCTL=00000000
  RDBAL=91bd5000   RDBAH=00000001   RDLEN=00001000     RDH=00000064     RDT=0000005a
   RDTR=00000000    RADV=00000000   RSRPD=00000000  RXCSUM=00000300   RFCTL=00000000
Transmit registers -----------------------------------------------------------------
   TCTL=0004010a    TIPG=00602008    AIFS=00000000
  TDBAL=5e2f3000   TDBAH=00000001   TDLEN=00002000     TDH=0000010e     TDT=0000010e
   TIDV=0000001c  TXDMAC=00000000  TXDCTL=01010000    TADV=00000000   TSPMT=01000400
Management registers ---------------------------------------------------------------
    WUC=00000000    WUFC=00000000     WUS=00000000
   IPAV=00000000    MANC=00000000    WUPL=00000000
Statistics registers ---------------------------------------------------------------
CRCERRS=00000000                 ALGNERRC=00000000 SYMERRS=00000000  RXERRC=00000000 
    MPC=00000000     SCC=00000000    ECOL=00000000
    MCC=00000000 LATECOL=00000000    COLC=00000000
     DC=00000000   TNCRS=00000000     SEC=00000000 CEXTERR=00000000    RLEC=00000000
 XONRXC=00000000  XONTXC=00000000 XOFFRXC=00000000 XOFFTXC=00000000   FCRUC=00000000
  PRC64=000008ce  PRC127=000003f9  PRC255=00000303
 PRC511=0000042a PRC1023=000005f7 PRC1522=00012679
   GPRC=00000003    BPRC=00000000    MPRC=00000000    GPTC=00000003
  GORCL=00000166   GORCH=00000000   GOTCL=000000f9   GOTCH=00000000    RNBC=00000000
    RUC=00000000     RFC=00000000     ROC=00000000     RJC=00000000
 MGTPRC=00000000  MGTPDC=00000000  MGTPTC=00000000     TPR=00000001     TPT=00000001
   TORL=00000040    TORH=00000000    TOTL=00000071    TOTH=00000000
  PTC64=00000002  PTC127=00002072  PTC255=00000418
 PTC511=00000168 PTC1023=000000bb PTC1522=000000c9
   MPTC=00000000    BPTC=00000000   TSCTC=00000073  TSCTFC=00000000
Diagnostic registers ---------------------------------------------------------------
   RDFH=00000000    RDFT=00000000   RDFHS=00000000   RDFTS=00000000   RDFPC=00000000
   TDFH=00000000    TDFT=00000000   TDFHS=00000000   TDFTS=00000000   TDFPC=00000000

RA00: DST 08:00:27:ea:bf:bf
RA01: DST 33:33:00:00:00:01
RA02: DST 01:00:5e:00:00:01
RA03: DST 33:33:00:01:00:03
RA04: DST 33:33:00:00:00:0c
RA05: DST 01:80:c2:00:00:0e
RA06: DST 33:33:ff:96:88:25
RA07: DST 33:33:ff:5d:18:30
RA08: DST 33:33:ff:1e:bb:78
RA09: DST 01:00:5e:7f:ff:fa
RA10: DST 33:33:00:00:00:fb
RA11: DST 01:00:5e:00:00:fb
RA12: DST 01:00:5e:00:00:fc

PHY registers ----------------------------------------------------------------------
    PCTRL=1340  PSTATUS=796d      PID=0141     EPID=0c24      ANA=0de1      LPA=01e0
      ANE=0000      NPT=2001      LPN=0000     GCON=1e00  GSTATUS=0000 EPSTATUS=3000
    PSCON=0868   PSSTAT=bc08    PINTE=0000    PINTS=0000  EPSCON1=0d60     PREC=0000
  EPSCON2=000c    R30PS=0000    R30AW=0000

PHY MDIO: state=MDIO_IDLE acc=0 cnt=0 addr=0

