Log created: 2026-06-15T14:55:22.167156000Z
Process ID:  1738071 (0x1a8557)
Parent PID:  1660289 (0x195581)
Executable:  /usr/lib/virtualbox/VirtualBoxVM
Arg[0]: /usr/lib/virtualbox/VirtualBoxVM
Arg[1]: --comment
Arg[2]: destiny2-testbed
Arg[3]: --startvm
Arg[4]: 021b4c45-29d6-47a4-9646-c5335a980175
Arg[5]: --no-startvm-errormsgbox
E1000 #0: port=d010 mmio=00000000f0200000 mac-cfg=08:00:27:64:3a:bc 82540EM R0
General registers ------------------------------------------------------------------
   CTRL=40000249  STATUS=00000083    EECD=00000140    EERD=00000000  LEDCTL=07068302
    FLA=00000000    MDIC=18350000                                  CTRL_EXT=00000000
   FCAL=00000000    FCAH=00000000     FCT=00000000     VET=00008100   FCTTV=00000000
    PBA=00000000    TXCW=00000000    RXCW=00000000              EXTCNF_CTRL=00000000
Interrupt registers ----------------------------------------------------------------
    ICR=00000000     ITR=00000000     ICS=00000000     IMS=0000009d     IMC=00000000
Receive registers ------------------------------------------------------------------
   RCTL=00048002  PSRCTL=00040402   FCRTL=00000000   FCRTH=00000000  RXDCTL=00000000
  RDBAL=0a888000   RDBAH=00000001   RDLEN=00001000     RDH=0000000f     RDT=00000000
   RDTR=00000000    RADV=00000000   RSRPD=00000000  RXCSUM=00000300   RFCTL=00000000
Transmit registers -----------------------------------------------------------------
   TCTL=0004010a    TIPG=00602008    AIFS=00000000
  TDBAL=025f8000   TDBAH=00000001   TDLEN=00002000     TDH=00000033     TDT=00000033
   TIDV=0000001c  TXDMAC=00000000  TXDCTL=01010000    TADV=00000000   TSPMT=01000400
Management registers ---------------------------------------------------------------
    WUC=00000000    WUFC=00000000     WUS=00000000
   IPAV=00000000    MANC=00000000    WUPL=00000000
Statistics registers ---------------------------------------------------------------
CRCERRS=00000000                 ALGNERRC=00000000 SYMERRS=00000000  RXERRC=00000000 
    MPC=00000000     SCC=00000000    ECOL=00000000
    MCC=00000000 LATECOL=00000000    COLC=00000000
     DC=00000000   TNCRS=00000000     SEC=00000000 CEXTERR=00000000    RLEC=00000000
 XONRXC=00000000  XONTXC=00000000 XOFFRXC=00000000 XOFFTXC=00000000   FCRUC=00000000
  PRC64=00000000  PRC127=00000006  PRC255=00000008
 PRC511=00000000 PRC1023=00000001 PRC1522=00000000
   GPRC=00000000    BPRC=00000000    MPRC=00000000    GPTC=00000000
  GORCL=00000000   GORCH=00000000   GOTCL=00000000   GOTCH=00000000    RNBC=00000000
    RUC=00000000     RFC=00000000     ROC=00000000     RJC=00000000
 MGTPRC=00000000  MGTPDC=00000000  MGTPTC=00000000     TPR=00000004     TPT=00000004
   TORL=00000199    TORH=00000000    TOTL=00000118    TOTH=00000000
  PTC64=00000000  PTC127=00000025  PTC255=00000004
 PTC511=00000001 PTC1023=00000000 PTC1522=00000000
   MPTC=00000000    BPTC=00000000   TSCTC=00000000  TSCTFC=00000000
Diagnostic registers ---------------------------------------------------------------
   RDFH=00000000    RDFT=00000000   RDFHS=00000000   RDFTS=00000000   RDFPC=00000000
   TDFH=00000000    TDFT=00000000   TDFHS=00000000   TDFTS=00000000   TDFPC=00000000

RA00: DST 08:00:27:64:3a:bc
RA01: DST 33:33:00:00:00:01
RA02: DST 01:00:5e:00:00:01
RA03: DST 33:33:00:01:00:03
RA04: DST 33:33:ff:93:1a:5c
RA05: DST 33:33:ff:e5:1b:8f
RA06: DST 33:33:ff:87:4f:9b
RA07: DST 33:33:00:00:00:fb
RA08: DST 01:00:5e:00:00:fb
RA09: DST 01:00:5e:00:00:fc

PHY registers ----------------------------------------------------------------------
    PCTRL=1340  PSTATUS=796d      PID=0141     EPID=0c24      ANA=0de1      LPA=01e0
      ANE=0000      NPT=2001      LPN=0000     GCON=1e00  GSTATUS=0000 EPSTATUS=3000
    PSCON=0868   PSSTAT=bc08    PINTE=0000    PINTS=0000  EPSCON1=0d60     PREC=0000
  EPSCON2=000c    R30PS=0000    R30AW=0000

PHY MDIO: state=MDIO_IDLE acc=0 cnt=0 addr=0

