# Windows Clean Reference Log — Simulated
# Basato su reverse engineering BEDaisy.sys (Aki2k) e threat model
# Questo è ciò che BattlEye vede su un sistema Windows 10/11 pulito

# ==================== BEService.exe Startup ====================
[INFO] BEService_x64.exe started — PID: 1234
[INFO] BEDaisy.sys loaded successfully — Ring 0
[INFO] Driver signature verified: Microsoft Corporation
[INFO] Operating System: Windows 10 64-bit (Build 19041)
[INFO] CPU: AMD Ryzen 7 PRO 5850U (8 cores)
[INFO] GPU: Radeon Vega Series (Hardware passthrough)

# ==================== BEDaisy.sys Check #1: HWID Disk Serial ====================
[OK] ZwOpenFile(\Device\Harddisk0\DR0) — SUCCESS
[OK] IOCTL 0x2D1400 — Disk serial read: WD-WXK12345678
[OK] Disk structure matches Windows NTFS
[OK] No virtual disk signature detected

# ==================== BEDaisy.sys Check #2: Sleep Delta Timing ====================
[OK] GetTickCount() — 0x12345678
[OK] Sleep(1000) executed
[OK] Delta measured: 1002ms
[OK] Delta within threshold (1200ms) — PASS
[INFO] No scheduler overhead detected

# ==================== BEDaisy.sys Check #3: HAL.dll Checksum ====================
[OK] hal.dll base address: 0xFFFFF8000C200000
[OK] hal.dll size: 350720 bytes
[OK] Checksum at offset +0x1000: 0x8F3A2B1C
[OK] Binary signature matches Windows 10 19041
[INFO] HAL integrity verified

# ==================== BEDaisy.sys Check #4: Device Objects ====================
[OK] ZwOpenFile(\\.\Beep) — Access denied (expected)
[OK] ZwOpenFile(\\.\Null) — Access denied (expected)
[INFO] No virtual device objects exposed
[OK] No driver hijacking signatures

# ==================== BEDaisy.sys Check #5: OS Version Structure ====================
[OK] RtlGetVersion() — 10.0.19041
[OK] System call table layout: Windows NT 10.0
[OK] Object directory hierarchy: Standard Windows
[OK] Handle table format: Windows x64
[INFO] OS structure consistent

# ==================== BEDaisy.sys Check #6: Process Parent Chain ====================
[OK] destiny2.exe parent: BEService.exe
[OK] Parent token matches expected value: 0xABCDEF12
[OK] No injected parent process
[INFO] Process chain valid

# ==================== BEDaisy.sys Check #7: Named Pipe Latency ====================
[OK] Named pipe: \\.\namedpipe\Battleye
[OK] Round-trip latency: 15ms
[INFO] Communication channel healthy

# ==================== BEDaisy.sys Check #8: Kernel Object Enumeration ====================
[OK] ZwQueryDirectoryObject() — Enumeration complete
[OK] Driver list: ntoskrnl.sys, hal.dll, dxgkrnl.sys, disk.sys
[OK] No Linux kernel modules detected
[OK] No hypervisor signatures
[INFO] Kernel object scan clean

# ==================== Bungie Server-Side Handshake ====================
[INFO] Client handshake sent to bungie.net
[INFO] Fingerprint: Windows 10.0.19041 / AMD Ryzen / Radeon Vega
[INFO] No VM signatures detected
[OK] Server-side validation PASS
[INFO] Connection established

# ==================== destiny2.exe Launch ====================
[INFO] destiny2.exe started — PID: 5678
[INFO] Anti-cheat initialization complete
[INFO] Entering game loop
